<?xml version="1.0" encoding="UTF-8"?>
<testng-results ignored="0" total="1" passed="1" failed="0" skipped="0">
  <reporter-output>
  </reporter-output>
  <suite started-at="2024-08-10T00:10:43 EDT" name="Default suite" finished-at="2024-08-10T00:10:52 EDT" duration-ms="9478">
    <groups>
    </groups>
    <test started-at="2024-08-10T00:10:43 EDT" name="Default test" finished-at="2024-08-10T00:10:52 EDT" duration-ms="9478">
      <class name="com.java.Hard_Questions.Add_Product_To_The_CartTest">
        <test-method is-config="true" signature="Setup()[pri:0, instance:com.java.Hard_Questions.Add_Product_To_The_CartTest@18df8434]" started-at="2024-08-10T00:10:43 EDT" name="Setup" finished-at="2024-08-10T00:10:49 EDT" duration-ms="6104" status="PASS">
          <reporter-output>
          </reporter-output>
        </test-method> <!-- Setup -->
        <test-method signature="verifyProductIsAddedToCart()[pri:0, instance:com.java.Hard_Questions.Add_Product_To_The_CartTest@18df8434]" started-at="2024-08-10T00:10:49 EDT" name="verifyProductIsAddedToCart" finished-at="2024-08-10T00:10:52 EDT" duration-ms="3073" status="PASS">
          <reporter-output>
          </reporter-output>
        </test-method> <!-- verifyProductIsAddedToCart -->
        <test-method is-config="true" signature="tearDown()[pri:0, instance:com.java.Hard_Questions.Add_Product_To_The_CartTest@18df8434]" started-at="2024-08-10T00:10:52 EDT" name="tearDown" finished-at="2024-08-10T00:10:52 EDT" duration-ms="232" status="PASS">
          <reporter-output>
          </reporter-output>
        </test-method> <!-- tearDown -->
      </class> <!-- com.java.Hard_Questions.Add_Product_To_The_CartTest -->
    </test> <!-- Default test -->
  </suite> <!-- Default suite -->
</testng-results>
